

Started GET "/" for 127.0.0.1 at 2014-11-05 22:02:53 -0600
Connecting to database specified by database.yml
Processing by HomeController#index as HTML
  Rendered home/index.html.haml within layouts/application (3.6ms)
Completed 200 OK in 49.7ms (Views: 49.3ms | ActiveRecord: 0.0ms)


Started GET "/assets/application.css?body=1" for 127.0.0.1 at 2014-11-05 22:02:54 -0600
Served asset /application.css - 304 Not Modified (2ms)


Started GET "/assets/style_home.css?body=1" for 127.0.0.1 at 2014-11-05 22:02:54 -0600
Served asset /style_home.css - 304 Not Modified (6ms)


Started GET "/assets/login.js?body=1" for 127.0.0.1 at 2014-11-05 22:02:54 -0600
Served asset /login.js - 304 Not Modified (33ms)


Started GET "/assets/style_login.css?body=1" for 127.0.0.1 at 2014-11-05 22:02:54 -0600
Served asset /style_login.css - 304 Not Modified (4ms)


Started GET "/assets/jquery.js?body=1" for 127.0.0.1 at 2014-11-05 22:02:54 -0600
Served asset /jquery.js - 304 Not Modified (7ms)


Started GET "/assets/jquery_ujs.js?body=1" for 127.0.0.1 at 2014-11-05 22:02:54 -0600
Served asset /jquery_ujs.js - 304 Not Modified (4ms)


Started GET "/assets/application.js?body=1" for 127.0.0.1 at 2014-11-05 22:02:54 -0600
Served asset /application.js - 304 Not Modified (8ms)


Started GET "/" for 127.0.0.1 at 2014-11-05 22:04:43 -0600
Processing by HomeController#index as HTML
  Rendered home/index.html.haml within layouts/application (5.4ms)
Completed 200 OK in 12.0ms (Views: 11.8ms | ActiveRecord: 0.0ms)


Started GET "/assets/application.css?body=1" for 127.0.0.1 at 2014-11-05 22:04:43 -0600
Served asset /application.css - 304 Not Modified (6ms)


Started GET "/assets/style_login.css?body=1" for 127.0.0.1 at 2014-11-05 22:04:43 -0600
Served asset /style_login.css - 304 Not Modified (0ms)


Started GET "/assets/style_home.css?body=1" for 127.0.0.1 at 2014-11-05 22:04:43 -0600
Served asset /style_home.css - 304 Not Modified (0ms)


Started GET "/assets/jquery_ujs.js?body=1" for 127.0.0.1 at 2014-11-05 22:04:43 -0600
Served asset /jquery_ujs.js - 304 Not Modified (0ms)


Started GET "/assets/jquery.js?body=1" for 127.0.0.1 at 2014-11-05 22:04:43 -0600
Served asset /jquery.js - 304 Not Modified (0ms)


Started GET "/assets/login.js?body=1" for 127.0.0.1 at 2014-11-05 22:04:43 -0600
Served asset /login.js - 304 Not Modified (0ms)


Started GET "/assets/application.js?body=1" for 127.0.0.1 at 2014-11-05 22:04:43 -0600
Served asset /application.js - 304 Not Modified (1ms)


Started GET "/" for 127.0.0.1 at 2014-11-05 22:05:38 -0600
Processing by HomeController#index as HTML
  Rendered home/index.html.haml within layouts/application (4.0ms)
Completed 200 OK in 12.3ms (Views: 12.0ms | ActiveRecord: 0.0ms)


Started GET "/assets/application.css?body=1" for 127.0.0.1 at 2014-11-05 22:05:38 -0600
Served asset /application.css - 304 Not Modified (12ms)


Started GET "/assets/jquery.js?body=1" for 127.0.0.1 at 2014-11-05 22:05:38 -0600
Served asset /jquery.js - 304 Not Modified (2ms)


Started GET "/assets/style_login.css?body=1" for 127.0.0.1 at 2014-11-05 22:05:38 -0600
Served asset /style_login.css - 304 Not Modified (0ms)


Started GET "/assets/style_home.css?body=1" for 127.0.0.1 at 2014-11-05 22:05:38 -0600
Served asset /style_home.css - 304 Not Modified (0ms)


Started GET "/assets/jquery_ujs.js?body=1" for 127.0.0.1 at 2014-11-05 22:05:38 -0600
Served asset /jquery_ujs.js - 304 Not Modified (0ms)


Started GET "/assets/login.js?body=1" for 127.0.0.1 at 2014-11-05 22:05:38 -0600
Served asset /login.js - 304 Not Modified (0ms)


Started GET "/assets/application.js?body=1" for 127.0.0.1 at 2014-11-05 22:05:38 -0600
Served asset /application.js - 304 Not Modified (1ms)


Started GET "/" for 127.0.0.1 at 2014-11-05 22:05:53 -0600
Processing by HomeController#index as HTML
  Rendered home/index.html.haml within layouts/application (5.7ms)
Completed 200 OK in 13.5ms (Views: 13.4ms | ActiveRecord: 0.0ms)


Started GET "/assets/application.css?body=1" for 127.0.0.1 at 2014-11-05 22:05:53 -0600
Served asset /application.css - 304 Not Modified (9ms)


Started GET "/assets/jquery_ujs.js?body=1" for 127.0.0.1 at 2014-11-05 22:05:54 -0600
Served asset /jquery_ujs.js - 304 Not Modified (0ms)


Started GET "/assets/style_home.css?body=1" for 127.0.0.1 at 2014-11-05 22:05:54 -0600
Served asset /style_home.css - 304 Not Modified (0ms)


Started GET "/assets/style_login.css?body=1" for 127.0.0.1 at 2014-11-05 22:05:54 -0600
Served asset /style_login.css - 304 Not Modified (0ms)


Started GET "/assets/login.js?body=1" for 127.0.0.1 at 2014-11-05 22:05:54 -0600
Served asset /login.js - 304 Not Modified (0ms)


Started GET "/assets/jquery.js?body=1" for 127.0.0.1 at 2014-11-05 22:05:54 -0600
Served asset /jquery.js - 304 Not Modified (2ms)


Started GET "/assets/application.js?body=1" for 127.0.0.1 at 2014-11-05 22:05:54 -0600
Served asset /application.js - 304 Not Modified (2ms)


Started GET "/" for 127.0.0.1 at 2014-11-05 22:06:07 -0600
Processing by HomeController#index as HTML
  Rendered home/index.html.haml within layouts/application (3.1ms)
Completed 200 OK in 9.9ms (Views: 9.7ms | ActiveRecord: 0.0ms)


Started GET "/assets/application.css?body=1" for 127.0.0.1 at 2014-11-05 22:06:07 -0600
Served asset /application.css - 304 Not Modified (6ms)


Started GET "/assets/style_home.css?body=1" for 127.0.0.1 at 2014-11-05 22:06:07 -0600
Served asset /style_home.css - 304 Not Modified (0ms)


Started GET "/assets/jquery.js?body=1" for 127.0.0.1 at 2014-11-05 22:06:07 -0600
Served asset /jquery.js - 304 Not Modified (6ms)


Started GET "/assets/jquery_ujs.js?body=1" for 127.0.0.1 at 2014-11-05 22:06:07 -0600
Served asset /jquery_ujs.js - 304 Not Modified (0ms)


Started GET "/assets/style_login.css?body=1" for 127.0.0.1 at 2014-11-05 22:06:07 -0600
Served asset /style_login.css - 304 Not Modified (0ms)


Started GET "/assets/login.js?body=1" for 127.0.0.1 at 2014-11-05 22:06:07 -0600
Served asset /login.js - 304 Not Modified (0ms)


Started GET "/assets/application.js?body=1" for 127.0.0.1 at 2014-11-05 22:06:07 -0600
Served asset /application.js - 304 Not Modified (2ms)


Started GET "/" for 127.0.0.1 at 2014-11-05 22:16:45 -0600
Connecting to database specified by database.yml
Processing by HomeController#index as HTML
  Rendered home/index.html.haml within layouts/application (4.0ms)
Completed 200 OK in 49.8ms (Views: 49.5ms | ActiveRecord: 0.0ms)


Started GET "/assets/application.css?body=1" for 127.0.0.1 at 2014-11-05 22:16:45 -0600
Served asset /application.css - 304 Not Modified (10ms)


Started GET "/assets/login.js?body=1" for 127.0.0.1 at 2014-11-05 22:16:45 -0600
Served asset /login.js - 304 Not Modified (1ms)


Started GET "/assets/jquery.js?body=1" for 127.0.0.1 at 2014-11-05 22:16:45 -0600
Served asset /jquery.js - 304 Not Modified (35ms)


Started GET "/assets/style_home.css?body=1" for 127.0.0.1 at 2014-11-05 22:16:46 -0600
Served asset /style_home.css - 304 Not Modified (2ms)


Started GET "/assets/style_login.css?body=1" for 127.0.0.1 at 2014-11-05 22:16:46 -0600
Served asset /style_login.css - 304 Not Modified (1ms)


Started GET "/assets/jquery_ujs.js?body=1" for 127.0.0.1 at 2014-11-05 22:16:46 -0600
Served asset /jquery_ujs.js - 304 Not Modified (2ms)


Started GET "/assets/application.js?body=1" for 127.0.0.1 at 2014-11-05 22:16:46 -0600
Served asset /application.js - 304 Not Modified (8ms)


Started GET "/assets/images/header_bg.gif" for 127.0.0.1 at 2014-11-05 22:16:46 -0600
Served asset /images/header_bg.gif - 404 Not Found (1ms)

ActionController::RoutingError (No route matches [GET] "/assets/images/header_bg.gif"):
  actionpack (3.2.19) lib/action_dispatch/middleware/debug_exceptions.rb:21:in `call'
  actionpack (3.2.19) lib/action_dispatch/middleware/show_exceptions.rb:56:in `call'
  railties (3.2.19) lib/rails/rack/logger.rb:32:in `call_app'
  railties (3.2.19) lib/rails/rack/logger.rb:16:in `block in call'
  activesupport (3.2.19) lib/active_support/tagged_logging.rb:22:in `tagged'
  railties (3.2.19) lib/rails/rack/logger.rb:16:in `call'
  actionpack (3.2.19) lib/action_dispatch/middleware/request_id.rb:22:in `call'
  /usr/lib/ruby/vendor_ruby/rack/methodoverride.rb:21:in `call'
  /usr/lib/ruby/vendor_ruby/rack/runtime.rb:17:in `call'
  activesupport (3.2.19) lib/active_support/cache/strategy/local_cache.rb:72:in `call'
  /usr/lib/ruby/vendor_ruby/rack/lock.rb:15:in `call'
  actionpack (3.2.19) lib/action_dispatch/middleware/static.rb:63:in `call'
  railties (3.2.19) lib/rails/engine.rb:484:in `call'
  railties (3.2.19) lib/rails/application.rb:231:in `call'
  /usr/lib/ruby/vendor_ruby/rack/content_length.rb:14:in `call'
  railties (3.2.19) lib/rails/rack/log_tailer.rb:17:in `call'
  /usr/lib/ruby/vendor_ruby/rack/handler/webrick.rb:59:in `service'
  /usr/lib/ruby/1.9.1/webrick/httpserver.rb:138:in `service'
  /usr/lib/ruby/1.9.1/webrick/httpserver.rb:94:in `run'
  /usr/lib/ruby/1.9.1/webrick/server.rb:191:in `block in start_thread'


  Rendered /var/lib/gems/1.9.1/gems/actionpack-3.2.19/lib/action_dispatch/middleware/templates/rescues/routing_error.erb within rescues/layout (0.6ms)


Started GET "/assets/images/menu.gif" for 127.0.0.1 at 2014-11-05 22:16:46 -0600
Served asset /images/menu.gif - 404 Not Found (2ms)

ActionController::RoutingError (No route matches [GET] "/assets/images/menu.gif"):
  actionpack (3.2.19) lib/action_dispatch/middleware/debug_exceptions.rb:21:in `call'
  actionpack (3.2.19) lib/action_dispatch/middleware/show_exceptions.rb:56:in `call'
  railties (3.2.19) lib/rails/rack/logger.rb:32:in `call_app'
  railties (3.2.19) lib/rails/rack/logger.rb:16:in `block in call'
  activesupport (3.2.19) lib/active_support/tagged_logging.rb:22:in `tagged'
  railties (3.2.19) lib/rails/rack/logger.rb:16:in `call'
  actionpack (3.2.19) lib/action_dispatch/middleware/request_id.rb:22:in `call'
  /usr/lib/ruby/vendor_ruby/rack/methodoverride.rb:21:in `call'
  /usr/lib/ruby/vendor_ruby/rack/runtime.rb:17:in `call'
  activesupport (3.2.19) lib/active_support/cache/strategy/local_cache.rb:72:in `call'
  /usr/lib/ruby/vendor_ruby/rack/lock.rb:15:in `call'
  actionpack (3.2.19) lib/action_dispatch/middleware/static.rb:63:in `call'
  railties (3.2.19) lib/rails/engine.rb:484:in `call'
  railties (3.2.19) lib/rails/application.rb:231:in `call'
  /usr/lib/ruby/vendor_ruby/rack/content_length.rb:14:in `call'
  railties (3.2.19) lib/rails/rack/log_tailer.rb:17:in `call'
  /usr/lib/ruby/vendor_ruby/rack/handler/webrick.rb:59:in `service'
  /usr/lib/ruby/1.9.1/webrick/httpserver.rb:138:in `service'
  /usr/lib/ruby/1.9.1/webrick/httpserver.rb:94:in `run'
  /usr/lib/ruby/1.9.1/webrick/server.rb:191:in `block in start_thread'


  Rendered /var/lib/gems/1.9.1/gems/actionpack-3.2.19/lib/action_dispatch/middleware/templates/rescues/routing_error.erb within rescues/layout (0.9ms)


Started GET "/" for 127.0.0.1 at 2014-11-05 22:17:47 -0600
Processing by HomeController#index as HTML
  Rendered home/index.html.haml within layouts/application (2.7ms)
Completed 200 OK in 11.0ms (Views: 10.7ms | ActiveRecord: 0.0ms)


Started GET "/assets/application.css?body=1" for 127.0.0.1 at 2014-11-05 22:17:47 -0600
Served asset /application.css - 304 Not Modified (7ms)


Started GET "/assets/style_home.css?body=1" for 127.0.0.1 at 2014-11-05 22:17:47 -0600
Served asset /style_home.css - 304 Not Modified (0ms)


Started GET "/assets/jquery.js?body=1" for 127.0.0.1 at 2014-11-05 22:17:47 -0600
Served asset /jquery.js - 304 Not Modified (2ms)


Started GET "/assets/login.js?body=1" for 127.0.0.1 at 2014-11-05 22:17:47 -0600
Served asset /login.js - 304 Not Modified (0ms)


Started GET "/assets/style_login.css?body=1" for 127.0.0.1 at 2014-11-05 22:17:47 -0600
Served asset /style_login.css - 304 Not Modified (0ms)


Started GET "/assets/jquery_ujs.js?body=1" for 127.0.0.1 at 2014-11-05 22:17:47 -0600
Served asset /jquery_ujs.js - 304 Not Modified (0ms)


Started GET "/assets/application.js?body=1" for 127.0.0.1 at 2014-11-05 22:17:47 -0600
Served asset /application.js - 304 Not Modified (1ms)


Started GET "/" for 127.0.0.1 at 2014-11-05 22:18:04 -0600
Processing by HomeController#index as HTML
  Rendered home/index.html.haml within layouts/application (1.6ms)
Completed 200 OK in 7.9ms (Views: 7.7ms | ActiveRecord: 0.0ms)


Started GET "/assets/application.css?body=1" for 127.0.0.1 at 2014-11-05 22:18:04 -0600
Served asset /application.css - 304 Not Modified (3ms)


Started GET "/assets/jquery.js?body=1" for 127.0.0.1 at 2014-11-05 22:18:05 -0600
Served asset /jquery.js - 304 Not Modified (2ms)


Started GET "/assets/style_login.css?body=1" for 127.0.0.1 at 2014-11-05 22:18:05 -0600
Served asset /style_login.css - 304 Not Modified (0ms)


Started GET "/assets/jquery_ujs.js?body=1" for 127.0.0.1 at 2014-11-05 22:18:05 -0600
Served asset /jquery_ujs.js - 304 Not Modified (0ms)


Started GET "/assets/style_home.css?body=1" for 127.0.0.1 at 2014-11-05 22:18:05 -0600
Served asset /style_home.css - 304 Not Modified (0ms)


Started GET "/assets/login.js?body=1" for 127.0.0.1 at 2014-11-05 22:18:05 -0600
Served asset /login.js - 304 Not Modified (0ms)


Started GET "/assets/application.js?body=1" for 127.0.0.1 at 2014-11-05 22:18:05 -0600
Served asset /application.js - 304 Not Modified (1ms)
